<?xml version="1.0" encoding="UTF-8"?>
<!-- Generated by org.testng.reporters.JUnitReportReporter -->
<testsuite hostname="DESKTOP-ORMUMH8" failures="0" tests="1" name="testcases.LandingPageTestCaeses" time="16.192" errors="0" timestamp="2024-06-23T16:55:59 BDT" skipped="0">
  <testcase classname="testcases.LandingPageTestCaeses" name="ButtonVerifyNine" time="16.192"/>
  <system-out/>
</testsuite> <!-- testcases.LandingPageTestCaeses -->
