<?xml version="1.0" encoding="UTF-8"?>
<!-- Generated by org.testng.reporters.JUnitReportReporter -->
<testsuite hostname="DESKTOP-ORMUMH8" failures="0" tests="1" name="testcases.LandingPageTestCaeses" time="56.636" errors="0" timestamp="2024-06-09T17:33:34 BDT" skipped="0">
  <testcase classname="testcases.LandingPageTestCaeses" name="appRun" time="56.636"/>
  <system-out/>
</testsuite> <!-- testcases.LandingPageTestCaeses -->
